# JRE version: OpenJDK Runtime Environment Temurin-21.0.9+10 (21.0.9+10) (build 21.0.9+10-LTS)
# Java VM: OpenJDK 64-Bit Server VM Temurin-21.0.9+10 (21.0.9+10-LTS, mixed mode, emulated-client, sharing, tiered, compressed oops, compressed class ptrs, g1 gc, windows-amd64)
GC Precious Log:
 CardTable entry size: 512
 Card Set container configuration: InlinePtr #cards 5 size 8 Array Of Cards #cards 12 size 40 Howl #buckets 4 coarsen threshold 1843 Howl Bitmap #cards 512 size 80 coarsen threshold 460 Card regions per heap region 1 cards per card region 2048
 CPUs: 8 total, 8 available
 Memory: 7971M
 Large Page Support: Disabled
 NUMA Support: Disabled
 Compressed Oops: Enabled (32-bit)
 Heap Region Size: 1M
 Heap Min Capacity: 8M
 Heap Initial Capacity: 126M
 Heap Max Capacity: 1994M
 Pre-touch: Disabled
 Parallel Workers: 8
 Concurrent Workers: 2
 Concurrent Refinement Workers: 8
 Periodic GC: Disabled
Heap:
 garbage-first heap   total 364544K, used 99831K [0x0000000083600000, 0x0000000100000000)
  region size 1024K, 12 young (12288K), 10 survivors (10240K)
 Metaspace       used 163215K, committed 164544K, reserved 1245184K
  class space    used 18733K, committed 19328K, reserved 1048576K
GC Heap History (20 events):
Event: 12513.723 GC heap before
{Heap before GC invocations=338 (full 24):
 garbage-first heap   total 364544K, used 326650K [0x0000000083600000, 0x0000000100000000)
  region size 1024K, 178 young (182272K), 10 survivors (10240K)
 Metaspace       used 161893K, committed 163136K, reserved 1245184K
  class space    used 18676K, committed 19264K, reserved 1048576K
}
Event: 12513.736 GC heap after
{Heap after GC invocations=339 (full 24):
 garbage-first heap   total 364544K, used 158571K [0x0000000083600000, 0x0000000100000000)
  region size 1024K, 15 young (15360K), 15 survivors (15360K)
 Metaspace       used 161893K, committed 163136K, reserved 1245184K
  class space    used 18676K, committed 19264K, reserved 1048576K
}
Event: 12514.573 GC heap before
{Heap before GC invocations=339 (full 24):
 garbage-first heap   total 364544K, used 328555K [0x0000000083600000, 0x0000000100000000)
  region size 1024K, 181 young (185344K), 15 survivors (15360K)
 Metaspace       used 162340K, committed 163648K, reserved 1245184K
  class space    used 18702K, committed 19328K, reserved 1048576K
}
Event: 12514.584 GC heap after
{Heap after GC invocations=340 (full 24):
 garbage-first heap   total 364544K, used 162700K [0x0000000083600000, 0x0000000100000000)
  region size 1024K, 12 young (12288K), 12 survivors (12288K)
 Metaspace       used 162340K, committed 163648K, reserved 1245184K
  class space    used 18702K, committed 19328K, reserved 1048576K
}
Event: 12515.320 GC heap before
{Heap before GC invocations=340 (full 24):
 garbage-first heap   total 364544K, used 333708K [0x0000000083600000, 0x0000000100000000)
  region size 1024K, 179 young (183296K), 12 survivors (12288K)
 Metaspace       used 163112K, committed 164416K, reserved 1245184K
  class space    used 18740K, committed 19328K, reserved 1048576K
}
Event: 12515.328 GC heap after
{Heap after GC invocations=341 (full 24):
 garbage-first heap   total 364544K, used 168214K [0x0000000083600000, 0x0000000100000000)
  region size 1024K, 17 young (17408K), 17 survivors (17408K)
 Metaspace       used 163112K, committed 164416K, reserved 1245184K
  class space    used 18740K, committed 19328K, reserved 1048576K
}
Event: 12516.095 GC heap before
{Heap before GC invocations=342 (full 24):
 garbage-first heap   total 364544K, used 335167K [0x0000000083600000, 0x0000000100000000)
  region size 1024K, 182 young (186368K), 17 survivors (17408K)
 Metaspace       used 163279K, committed 164544K, reserved 1245184K
  class space    used 18750K, committed 19328K, reserved 1048576K
}
Event: 12516.106 GC heap after
{Heap after GC invocations=343 (full 24):
 garbage-first heap   total 364544K, used 170556K [0x0000000083600000, 0x0000000100000000)
  region size 1024K, 15 young (15360K), 15 survivors (15360K)
 Metaspace       used 163279K, committed 164544K, reserved 1245184K
  class space    used 18750K, committed 19328K, reserved 1048576K
}
Event: 12749.692 GC heap before
{Heap before GC invocations=343 (full 24):
 garbage-first heap   total 364544K, used 338492K [0x0000000083600000, 0x0000000100000000)
  region size 1024K, 179 young (183296K), 15 survivors (15360K)
 Metaspace       used 163289K, committed 164544K, reserved 1245184K
  class space    used 18752K, committed 19328K, reserved 1048576K
}
Event: 12749.707 GC heap after
{Heap after GC invocations=344 (full 24):
 garbage-first heap   total 364544K, used 154534K [0x0000000083600000, 0x0000000100000000)
  region size 1024K, 10 young (10240K), 10 survivors (10240K)
 Metaspace       used 163289K, committed 164544K, reserved 1245184K
  class space    used 18752K, committed 19328K, reserved 1048576K
}
Event: 13031.770 GC heap before
{Heap before GC invocations=344 (full 24):
 garbage-first heap   total 364544K, used 340902K [0x0000000083600000, 0x0000000100000000)
  region size 1024K, 192 young (196608K), 10 survivors (10240K)
 Metaspace       used 163289K, committed 164544K, reserved 1245184K
  class space    used 18752K, committed 19328K, reserved 1048576K
}
Event: 13031.797 GC heap after
{Heap after GC invocations=345 (full 24):
 garbage-first heap   total 364544K, used 154534K [0x0000000083600000, 0x0000000100000000)
  region size 1024K, 10 young (10240K), 10 survivors (10240K)
 Metaspace       used 163289K, committed 164544K, reserved 1245184K
  class space    used 18752K, committed 19328K, reserved 1048576K
}
Event: 13313.446 GC heap before
{Heap before GC invocations=346 (full 24):
 garbage-first heap   total 364544K, used 336953K [0x0000000083600000, 0x0000000100000000)
  region size 1024K, 193 young (197632K), 10 survivors (10240K)
 Metaspace       used 163215K, committed 164544K, reserved 1245184K
  class space    used 18733K, committed 19328K, reserved 1048576K
}
Event: 13313.513 GC heap after
{Heap after GC invocations=347 (full 24):
 garbage-first heap   total 364544K, used 149007K [0x0000000083600000, 0x0000000100000000)
  region size 1024K, 10 young (10240K), 10 survivors (10240K)
 Metaspace       used 163215K, committed 164544K, reserved 1245184K
  class space    used 18733K, committed 19328K, reserved 1048576K
}
Event: 13605.757 GC heap before
{Heap before GC invocations=347 (full 24):
 garbage-first heap   total 364544K, used 341519K [0x0000000083600000, 0x0000000100000000)
  region size 1024K, 198 young (202752K), 10 survivors (10240K)
 Metaspace       used 163215K, committed 164544K, reserved 1245184K
  class space    used 18733K, committed 19328K, reserved 1048576K
}
Event: 13605.822 GC heap after
{Heap after GC invocations=348 (full 24):
 garbage-first heap   total 364544K, used 115054K [0x0000000083600000, 0x0000000100000000)
  region size 1024K, 10 young (10240K), 10 survivors (10240K)
 Metaspace       used 163215K, committed 164544K, reserved 1245184K
  class space    used 18733K, committed 19328K, reserved 1048576K
}
Event: 13919.945 GC heap before
{Heap before GC invocations=348 (full 24):
 garbage-first heap   total 364544K, used 322926K [0x0000000083600000, 0x0000000100000000)
  region size 1024K, 213 young (218112K), 10 survivors (10240K)
 Metaspace       used 163215K, committed 164544K, reserved 1245184K
  class space    used 18733K, committed 19328K, reserved 1048576K
}
Event: 13919.978 GC heap after
{Heap after GC invocations=349 (full 24):
 garbage-first heap   total 364544K, used 98812K [0x0000000083600000, 0x0000000100000000)
  region size 1024K, 10 young (10240K), 10 survivors (10240K)
 Metaspace       used 163215K, committed 164544K, reserved 1245184K
  class space    used 18733K, committed 19328K, reserved 1048576K
}
Event: 14235.769 GC heap before
{Heap before GC invocations=349 (full 24):
 garbage-first heap   total 364544K, used 306684K [0x0000000083600000, 0x0000000100000000)
  region size 1024K, 213 young (218112K), 10 survivors (10240K)
 Metaspace       used 163215K, committed 164544K, reserved 1245184K
  class space    used 18733K, committed 19328K, reserved 1048576K
}
Event: 14235.792 GC heap after
{Heap after GC invocations=350 (full 24):
 garbage-first heap   total 364544K, used 98807K [0x0000000083600000, 0x0000000100000000)
  region size 1024K, 10 young (10240K), 10 survivors (10240K)
 Metaspace       used 163215K, committed 164544K, reserved 1245184K
  class space    used 18733K, committed 19328K, reserved 1048576K
}

